[debug] [2024-01-16T15:33:20.241Z] ----------------------------------------------------------------------
[debug] [2024-01-16T15:33:20.244Z] Command:       C:\Program Files\nodejs\node.exe C:\Users\Lenovo\AppData\Roaming\npm\node_modules\firebase-tools\lib\bin\firebase.js init
[debug] [2024-01-16T15:33:20.244Z] CLI Version:   13.0.3
[debug] [2024-01-16T15:33:20.245Z] Platform:      win32
[debug] [2024-01-16T15:33:20.245Z] Node Version:  v20.11.0
[debug] [2024-01-16T15:33:20.245Z] Time:          Tue Jan 16 2024 11:33:20 GMT-0400 (hora de Venezuela)
[debug] [2024-01-16T15:33:20.245Z] ----------------------------------------------------------------------
[debug] 
[debug] [2024-01-16T15:33:20.251Z] > command requires scopes: ["email","openid","https://www.googleapis.com/auth/cloudplatformprojects.readonly","https://www.googleapis.com/auth/firebase","https://www.googleapis.com/auth/cloud-platform"]
[debug] [2024-01-16T15:33:20.252Z] > authorizing via signed-in user (katheri18valero@gmail.com)
[info] 
     ######## #### ########  ######## ########     ###     ######  ########
     ##        ##  ##     ## ##       ##     ##  ##   ##  ##       ##
     ######    ##  ########  ######   ########  #########  ######  ######
     ##        ##  ##    ##  ##       ##     ## ##     ##       ## ##
     ##       #### ##     ## ######## ########  ##     ##  ######  ########

You're about to initialize a Firebase project in this directory:

  C:\repo cdo\CDO_APP

Before we get started, keep in mind:

  * You are currently outside your home directory

[info] 
=== Project Setup
[info] 
[info] First, let's associate this project directory with a Firebase project.
[info] You can create multiple project aliases by running firebase use --add, 
[info] but for now we'll just set up a default project.
[info] 
[debug] [2024-01-16T15:33:52.434Z] >>> [apiv2][query] GET https://firebase.googleapis.com/v1beta1/projects pageSize=100
[debug] [2024-01-16T15:33:53.198Z] <<< [apiv2][status] GET https://firebase.googleapis.com/v1beta1/projects 200
[debug] [2024-01-16T15:33:53.198Z] <<< [apiv2][body] GET https://firebase.googleapis.com/v1beta1/projects [omitted]
[info] i  Using project cdocaracas-ed2d3 (Cdocaracas) 
[info] 
=== Database Setup
[info] i  database: ensuring required API firebasedatabase.googleapis.com is enabled... 
[debug] [2024-01-16T15:34:06.379Z] >>> [apiv2][query] GET https://serviceusage.googleapis.com/v1/projects/cdocaracas-ed2d3/services/firebasedatabase.googleapis.com [none]
[debug] [2024-01-16T15:34:06.379Z] >>> [apiv2][(partial)header] GET https://serviceusage.googleapis.com/v1/projects/cdocaracas-ed2d3/services/firebasedatabase.googleapis.com x-goog-quota-user=projects/cdocaracas-ed2d3
[debug] [2024-01-16T15:34:07.380Z] <<< [apiv2][status] GET https://serviceusage.googleapis.com/v1/projects/cdocaracas-ed2d3/services/firebasedatabase.googleapis.com 200
[debug] [2024-01-16T15:34:07.380Z] <<< [apiv2][body] GET https://serviceusage.googleapis.com/v1/projects/cdocaracas-ed2d3/services/firebasedatabase.googleapis.com [omitted]
[info] +  database: required API firebasedatabase.googleapis.com is enabled 
[info] 
[debug] [2024-01-16T15:34:07.384Z] >>> [apiv2][query] GET https://firebasedatabase.googleapis.com/v1beta/projects/cdocaracas-ed2d3/locations/-/instances/cdocaracas-ed2d3-default-rtdb [none]
[debug] [2024-01-16T15:34:08.337Z] <<< [apiv2][status] GET https://firebasedatabase.googleapis.com/v1beta/projects/cdocaracas-ed2d3/locations/-/instances/cdocaracas-ed2d3-default-rtdb 200
[debug] [2024-01-16T15:34:08.337Z] <<< [apiv2][body] GET https://firebasedatabase.googleapis.com/v1beta/projects/cdocaracas-ed2d3/locations/-/instances/cdocaracas-ed2d3-default-rtdb {"name":"projects/25084387666/locations/us-central1/instances/cdocaracas-ed2d3-default-rtdb","project":"projects/25084387666","databaseUrl":"https://cdocaracas-ed2d3-default-rtdb.firebaseio.com","type":"DEFAULT_DATABASE","state":"ACTIVE"}
[info] 
[info] Firebase Realtime Database Security Rules allow you to define how your data should be
[info] structured and when your data can be read from and written to.
[info] 
[debug] [2024-01-16T15:35:36.607Z] >>> [apiv2][query] GET https://cdocaracas-ed2d3-default-rtdb.firebaseio.com/.settings/rules.json [none]
[debug] [2024-01-16T15:35:37.377Z] <<< [apiv2][status] GET https://cdocaracas-ed2d3-default-rtdb.firebaseio.com/.settings/rules.json 200
[debug] [2024-01-16T15:35:37.378Z] <<< [apiv2][body] GET https://cdocaracas-ed2d3-default-rtdb.firebaseio.com/.settings/rules.json [stream]
[info] +  Database Rules for cdocaracas-ed2d3-default-rtdb have been written to js. 
[info] Future modifications to js will update Realtime Database Security Rules when you run
[info] firebase deploy.
[info] 
=== Firestore Setup
[debug] [2024-01-16T15:35:37.383Z] >>> [apiv2][query] GET https://serviceusage.googleapis.com/v1/projects/cdocaracas-ed2d3/services/firestore.googleapis.com [none]
[debug] [2024-01-16T15:35:37.383Z] >>> [apiv2][(partial)header] GET https://serviceusage.googleapis.com/v1/projects/cdocaracas-ed2d3/services/firestore.googleapis.com x-goog-quota-user=projects/cdocaracas-ed2d3
[debug] [2024-01-16T15:35:38.197Z] <<< [apiv2][status] GET https://serviceusage.googleapis.com/v1/projects/cdocaracas-ed2d3/services/firestore.googleapis.com 200
[debug] [2024-01-16T15:35:38.197Z] <<< [apiv2][body] GET https://serviceusage.googleapis.com/v1/projects/cdocaracas-ed2d3/services/firestore.googleapis.com [omitted]
[debug] [2024-01-16T15:35:38.198Z] >>> [apiv2][query] GET https://firestore.googleapis.com/v1/projects/cdocaracas-ed2d3/databases/(default) [none]
[debug] [2024-01-16T15:35:39.405Z] <<< [apiv2][status] GET https://firestore.googleapis.com/v1/projects/cdocaracas-ed2d3/databases/(default) 200
[debug] [2024-01-16T15:35:39.405Z] <<< [apiv2][body] GET https://firestore.googleapis.com/v1/projects/cdocaracas-ed2d3/databases/(default) {"name":"projects/cdocaracas-ed2d3/databases/(default)","uid":"38f43126-e60c-4db1-8829-d6a9adb84f1a","createTime":"2024-01-16T15:27:41.948982Z","updateTime":"2024-01-16T15:27:41.948982Z","locationId":"nam5","type":"FIRESTORE_NATIVE","concurrencyMode":"PESSIMISTIC","versionRetentionPeriod":"3600s","earliestVersionTime":"2024-01-16T15:27:41.948982Z","appEngineIntegrationMode":"DISABLED","keyPrefix":"s","pointInTimeRecoveryEnablement":"POINT_IN_TIME_RECOVERY_DISABLED","deleteProtectionState":"DELETE_PROTECTION_DISABLED","etag":"IIKVqI+e4oMDMLbg1quc4oMD"}
[debug] [2024-01-16T15:35:39.406Z] database_type: FIRESTORE_NATIVE
[debug] [2024-01-16T15:35:39.407Z] > command requires scopes: ["email","openid","https://www.googleapis.com/auth/cloudplatformprojects.readonly","https://www.googleapis.com/auth/firebase","https://www.googleapis.com/auth/cloud-platform"]
[debug] [2024-01-16T15:35:39.408Z] > authorizing via signed-in user (katheri18valero@gmail.com)
[debug] [2024-01-16T15:35:39.408Z] [iam] checking project cdocaracas-ed2d3 for permissions ["firebase.projects.get"]
[debug] [2024-01-16T15:35:39.410Z] >>> [apiv2][query] POST https://cloudresourcemanager.googleapis.com/v1/projects/cdocaracas-ed2d3:testIamPermissions [none]
[debug] [2024-01-16T15:35:39.410Z] >>> [apiv2][(partial)header] POST https://cloudresourcemanager.googleapis.com/v1/projects/cdocaracas-ed2d3:testIamPermissions x-goog-quota-user=projects/cdocaracas-ed2d3
[debug] [2024-01-16T15:35:39.410Z] >>> [apiv2][body] POST https://cloudresourcemanager.googleapis.com/v1/projects/cdocaracas-ed2d3:testIamPermissions {"permissions":["firebase.projects.get"]}
[debug] [2024-01-16T15:35:40.129Z] <<< [apiv2][status] POST https://cloudresourcemanager.googleapis.com/v1/projects/cdocaracas-ed2d3:testIamPermissions 200
[debug] [2024-01-16T15:35:40.130Z] <<< [apiv2][body] POST https://cloudresourcemanager.googleapis.com/v1/projects/cdocaracas-ed2d3:testIamPermissions {"permissions":["firebase.projects.get"]}
[info] 
[info] Firestore Security Rules allow you to define how and when to allow
[info] requests. You can keep these rules in your project directory
[info] and publish them with firebase deploy.
[info] 
[info] 
[info] Firestore indexes allow you to perform complex queries while
[info] maintaining performance that scales with the size of the result
[info] set. You can keep index definitions in your project directory
[info] and publish them with firebase deploy.
[info] 
[debug] [2024-01-16T15:39:37.990Z] >>> [apiv2][query] GET https://firestore.googleapis.com/v1/projects/cdocaracas-ed2d3/databases/(default)/collectionGroups/-/indexes [none]
[debug] [2024-01-16T15:39:37.993Z] >>> [apiv2][query] GET https://firestore.googleapis.com/v1/projects/cdocaracas-ed2d3/databases/(default)/collectionGroups/-/fields?filter=indexConfig.usesAncestorConfig=false OR ttlConfig:* [none]
[debug] [2024-01-16T15:39:38.794Z] <<< [apiv2][status] GET https://firestore.googleapis.com/v1/projects/cdocaracas-ed2d3/databases/(default)/collectionGroups/-/indexes 200
[debug] [2024-01-16T15:39:38.794Z] <<< [apiv2][body] GET https://firestore.googleapis.com/v1/projects/cdocaracas-ed2d3/databases/(default)/collectionGroups/-/indexes {}
[debug] [2024-01-16T15:39:39.240Z] <<< [apiv2][status] GET https://firestore.googleapis.com/v1/projects/cdocaracas-ed2d3/databases/(default)/collectionGroups/-/fields?filter=indexConfig.usesAncestorConfig=false OR ttlConfig:* 200
[debug] [2024-01-16T15:39:39.240Z] <<< [apiv2][body] GET https://firestore.googleapis.com/v1/projects/cdocaracas-ed2d3/databases/(default)/collectionGroups/-/fields?filter=indexConfig.usesAncestorConfig=false OR ttlConfig:* {"fields":[{"name":"projects/cdocaracas-ed2d3/databases/(default)/collectionGroups/__default__/fields/*","indexConfig":{"indexes":[{"queryScope":"COLLECTION","fields":[{"fieldPath":"*","order":"ASCENDING"}],"state":"READY"},{"queryScope":"COLLECTION","fields":[{"fieldPath":"*","order":"DESCENDING"}],"state":"READY"},{"queryScope":"COLLECTION","fields":[{"fieldPath":"*","arrayConfig":"CONTAINS"}],"state":"READY"}]}}]}
[info] 
=== Functions Setup
[debug] [2024-01-16T15:39:39.243Z] > command requires scopes: ["email","openid","https://www.googleapis.com/auth/cloudplatformprojects.readonly","https://www.googleapis.com/auth/firebase","https://www.googleapis.com/auth/cloud-platform"]
[debug] [2024-01-16T15:39:39.243Z] > authorizing via signed-in user (katheri18valero@gmail.com)
[debug] [2024-01-16T15:39:39.243Z] [iam] checking project cdocaracas-ed2d3 for permissions ["firebase.projects.get"]
[debug] [2024-01-16T15:39:39.243Z] >>> [apiv2][query] POST https://cloudresourcemanager.googleapis.com/v1/projects/cdocaracas-ed2d3:testIamPermissions [none]
[debug] [2024-01-16T15:39:39.244Z] >>> [apiv2][(partial)header] POST https://cloudresourcemanager.googleapis.com/v1/projects/cdocaracas-ed2d3:testIamPermissions x-goog-quota-user=projects/cdocaracas-ed2d3
[debug] [2024-01-16T15:39:39.244Z] >>> [apiv2][body] POST https://cloudresourcemanager.googleapis.com/v1/projects/cdocaracas-ed2d3:testIamPermissions {"permissions":["firebase.projects.get"]}
[debug] [2024-01-16T15:39:39.951Z] <<< [apiv2][status] POST https://cloudresourcemanager.googleapis.com/v1/projects/cdocaracas-ed2d3:testIamPermissions 200
[debug] [2024-01-16T15:39:39.951Z] <<< [apiv2][body] POST https://cloudresourcemanager.googleapis.com/v1/projects/cdocaracas-ed2d3:testIamPermissions {"permissions":["firebase.projects.get"]}
[debug] [2024-01-16T15:39:39.952Z] >>> [apiv2][query] GET https://serviceusage.googleapis.com/v1/projects/cdocaracas-ed2d3/services/cloudfunctions.googleapis.com [none]
[debug] [2024-01-16T15:39:39.952Z] >>> [apiv2][(partial)header] GET https://serviceusage.googleapis.com/v1/projects/cdocaracas-ed2d3/services/cloudfunctions.googleapis.com x-goog-quota-user=projects/cdocaracas-ed2d3
[debug] [2024-01-16T15:39:39.954Z] >>> [apiv2][query] GET https://serviceusage.googleapis.com/v1/projects/cdocaracas-ed2d3/services/runtimeconfig.googleapis.com [none]
[debug] [2024-01-16T15:39:39.954Z] >>> [apiv2][(partial)header] GET https://serviceusage.googleapis.com/v1/projects/cdocaracas-ed2d3/services/runtimeconfig.googleapis.com x-goog-quota-user=projects/cdocaracas-ed2d3
[debug] [2024-01-16T15:39:40.857Z] <<< [apiv2][status] GET https://serviceusage.googleapis.com/v1/projects/cdocaracas-ed2d3/services/cloudfunctions.googleapis.com 200
[debug] [2024-01-16T15:39:40.857Z] <<< [apiv2][body] GET https://serviceusage.googleapis.com/v1/projects/cdocaracas-ed2d3/services/cloudfunctions.googleapis.com [omitted]
[debug] [2024-01-16T15:39:40.861Z] >>> [apiv2][query] POST https://serviceusage.googleapis.com/v1/projects/cdocaracas-ed2d3/services/cloudfunctions.googleapis.com:enable [none]
[debug] [2024-01-16T15:39:40.862Z] >>> [apiv2][(partial)header] POST https://serviceusage.googleapis.com/v1/projects/cdocaracas-ed2d3/services/cloudfunctions.googleapis.com:enable x-goog-quota-user=projects/cdocaracas-ed2d3
[debug] [2024-01-16T15:39:40.886Z] <<< [apiv2][status] GET https://serviceusage.googleapis.com/v1/projects/cdocaracas-ed2d3/services/runtimeconfig.googleapis.com 200
[debug] [2024-01-16T15:39:40.886Z] <<< [apiv2][body] GET https://serviceusage.googleapis.com/v1/projects/cdocaracas-ed2d3/services/runtimeconfig.googleapis.com [omitted]
[debug] [2024-01-16T15:39:42.196Z] <<< [apiv2][status] POST https://serviceusage.googleapis.com/v1/projects/cdocaracas-ed2d3/services/cloudfunctions.googleapis.com:enable 200
[debug] [2024-01-16T15:39:42.197Z] <<< [apiv2][body] POST https://serviceusage.googleapis.com/v1/projects/cdocaracas-ed2d3/services/cloudfunctions.googleapis.com:enable [omitted]
[debug] [2024-01-16T15:39:52.206Z] >>> [apiv2][query] GET https://serviceusage.googleapis.com/v1/projects/cdocaracas-ed2d3/services/cloudfunctions.googleapis.com [none]
[debug] [2024-01-16T15:39:52.206Z] >>> [apiv2][(partial)header] GET https://serviceusage.googleapis.com/v1/projects/cdocaracas-ed2d3/services/cloudfunctions.googleapis.com x-goog-quota-user=projects/cdocaracas-ed2d3
[debug] [2024-01-16T15:39:53.154Z] <<< [apiv2][status] GET https://serviceusage.googleapis.com/v1/projects/cdocaracas-ed2d3/services/cloudfunctions.googleapis.com 200
[debug] [2024-01-16T15:39:53.155Z] <<< [apiv2][body] GET https://serviceusage.googleapis.com/v1/projects/cdocaracas-ed2d3/services/cloudfunctions.googleapis.com [omitted]
[info] Let's create a new codebase for your functions.
[info] A directory corresponding to the codebase will be created in your project
[info] with sample code pre-configured.

[info] See https://firebase.google.com/docs/functions/organize-functions for
[info] more information on organizing your functions using codebases.

[info] Functions can be deployed with firebase deploy.

[info] +  Wrote functions/package.json 
[info] +  Wrote functions/.eslintrc.js 
[info] +  Wrote functions/index.js 
[info] +  Wrote functions/.gitignore 
[info] 
=== Hosting Setup
[debug] [2024-01-16T15:40:32.769Z] >>> [apiv2][query] GET https://firebase.googleapis.com/v1beta1/projects/cdocaracas-ed2d3 [none]
[debug] [2024-01-16T15:40:33.291Z] <<< [apiv2][status] GET https://firebase.googleapis.com/v1beta1/projects/cdocaracas-ed2d3 200
[debug] [2024-01-16T15:40:33.291Z] <<< [apiv2][body] GET https://firebase.googleapis.com/v1beta1/projects/cdocaracas-ed2d3 {"projectId":"cdocaracas-ed2d3","projectNumber":"25084387666","displayName":"Cdocaracas","name":"projects/cdocaracas-ed2d3","resources":{"hostingSite":"cdocaracas-ed2d3","realtimeDatabaseInstance":"cdocaracas-ed2d3-default-rtdb"},"state":"ACTIVE","etag":"1_ae354fa5-1f3d-4987-ad21-fc9ee3214b1e"}
[info] 
[info] Your public directory is the folder (relative to your project directory) that
[info] will contain Hosting assets to be uploaded with firebase deploy. If you
[info] have a build process for your assets, use your build's output directory.
[info] 
[debug] [2024-01-16T15:40:50.011Z] >>> [apiv2][query] GET https://www.gstatic.com/firebasejs/releases.json [none]
[debug] [2024-01-16T15:40:50.271Z] <<< [apiv2][status] GET https://www.gstatic.com/firebasejs/releases.json 200
[debug] [2024-01-16T15:40:50.271Z] <<< [apiv2][body] GET https://www.gstatic.com/firebasejs/releases.json {"current":{"version":"10.7.1","browserURL":"https://www.gstatic.com/firebasejs/10.7.1/firebase.js","packageURL":"https://www.gstatic.com/firebasejs/10.7.1/firebase.tgz"},"live":{"version":"10.7","browserURL":"https://www.gstatic.com/firebasejs/live/10.7/firebase.js","packageURL":"https://www.gstatic.com/firebasejs/live/10.7/firebase.tgz"},"components":{"analytics":"https://www.gstatic.com/firebasejs/10.7.1/firebase-analytics.js","app":"https://www.gstatic.com/firebasejs/10.7.1/firebase-app.js","app-check":"https://www.gstatic.com/firebasejs/10.7.1/firebase-app-check.js","auth":"https://www.gstatic.com/firebasejs/10.7.1/firebase-auth.js","auth/cordova":"https://www.gstatic.com/firebasejs/10.7.1/firebase-auth/cordova.js","functions":"https://www.gstatic.com/firebasejs/10.7.1/firebase-functions.js","firestore":"https://www.gstatic.com/firebasejs/10.7.1/firebase-firestore.js","firestore/lite":"https://www.gstatic.com/firebasejs/10.7.1/firebase-firestore/lite.js","installations":"https://www.gstatic.com/firebasejs/10.7.1/firebase-installations.js","storage":"https://www.gstatic.com/firebasejs/10.7.1/firebase-storage.js","performance":"https://www.gstatic.com/firebasejs/10.7.1/firebase-performance.js","remote-config":"https://www.gstatic.com/firebasejs/10.7.1/firebase-remote-config.js","messaging":"https://www.gstatic.com/firebasejs/10.7.1/firebase-messaging.js","messaging/sw":"https://www.gstatic.com/firebasejs/10.7.1/firebase-messaging/sw.js","database":"https://www.gstatic.com/firebasejs/10.7.1/firebase-database.js","firestore.memory":"https://www.gstatic.com/firebasejs/10.7.1/firebase-firestore.memory.js"}}
[info] +  Wrote PUBLIC/index.html 
[info] 
[info] i  Detected a .git folder at C:\repo cdo\CDO_APP 
[info] i  Authorizing with GitHub to upload your service account to a GitHub repository's secrets store. 
[info] 
[info] Visit this URL on this device to log in:
[info] https://github.com/login/oauth/authorize?client_id=89cf50f02ac6aaed3484&state=303296566&redirect_uri=http%3A%2F%2Flocalhost%3A9005&scope=read%3Auser%20repo%20public_repo
[info] 
[info] Waiting for authentication...
